<?xml version="1.0" encoding="UTF-8"?>
<!-- Generated by org.testng.reporters.JUnitReportReporter -->
<testsuite hostname="DESKTOP-6NTAFBV" failures="0" tests="1" name="magento.test.Women_test" time="30.314" errors="0" timestamp="2024-12-26T11:11:51 IST" skipped="0">
  <testcase classname="magento.test.Women_test" name="verifyLoginWithValidCred" time="30.314"/>
</testsuite> <!-- magento.test.Women_test -->
